<?xml version="1.0" encoding="UTF-8"?>
<testsuite xmlns:xsi="http://www.w3.org/2001/XMLSchema-instance" xsi:noNamespaceSchemaLocation="https://maven.apache.org/surefire/maven-surefire-plugin/xsd/surefire-test-report.xsd" name="swingy.AppTest" time="0.028" tests="1" errors="0" skipped="0" failures="0">
  <properties>
    <property name="java.specification.version" value="13"/>
    <property name="sun.jnu.encoding" value="UTF-8"/>
    <property name="java.class.path" value="/sgoinfre/pvan-ren/swingy2.0/SWINGY/target/test-classes:/sgoinfre/pvan-ren/swingy2.0/SWINGY/target/classes:/homes/pvan-ren/.m2/repository/junit/junit/4.11/junit-4.11.jar:/homes/pvan-ren/.m2/repository/org/hamcrest/hamcrest-core/1.3/hamcrest-core-1.3.jar:/homes/pvan-ren/.m2/repository/javax/validation/validation-api/2.0.0.Final/validation-api-2.0.0.Final.jar:/homes/pvan-ren/.m2/repository/org/hibernate/validator/hibernate-validator/6.0.2.Final/hibernate-validator-6.0.2.Final.jar:/homes/pvan-ren/.m2/repository/org/jboss/logging/jboss-logging/3.3.0.Final/jboss-logging-3.3.0.Final.jar:/homes/pvan-ren/.m2/repository/com/fasterxml/classmate/1.3.1/classmate-1.3.1.jar:/homes/pvan-ren/.m2/repository/org/hibernate/validator/hibernate-validator-annotation-processor/6.0.2.Final/hibernate-validator-annotation-processor-6.0.2.Final.jar:/homes/pvan-ren/.m2/repository/javax/el/javax.el-api/3.0.0/javax.el-api-3.0.0.jar:/homes/pvan-ren/.m2/repository/org/glassfish/web/javax.el/2.2.6/javax.el-2.2.6.jar:"/>
    <property name="java.vm.vendor" value="Oracle Corporation"/>
    <property name="sun.arch.data.model" value="64"/>
    <property name="java.vendor.url" value="https://java.oracle.com/"/>
    <property name="os.name" value="Mac OS X"/>
    <property name="java.vm.specification.version" value="13"/>
    <property name="sun.java.launcher" value="SUN_STANDARD"/>
    <property name="user.country" value="ZA"/>
    <property name="sun.boot.library.path" value="/Library/Java/JavaVirtualMachines/jdk-13.jdk/Contents/Home/lib"/>
    <property name="sun.java.command" value="/sgoinfre/pvan-ren/swingy2.0/SWINGY/target/surefire/surefirebooter16888616683834677696.jar /sgoinfre/pvan-ren/swingy2.0/SWINGY/target/surefire 2019-11-19T14-42-56_608-jvmRun1 surefire17213131806178465271tmp surefire_08176860847490367597tmp"/>
    <property name="http.nonProxyHosts" value="local|*.local|169.254/16|*.169.254/16"/>
    <property name="jdk.debug" value="release"/>
    <property name="surefire.test.class.path" value="/sgoinfre/pvan-ren/swingy2.0/SWINGY/target/test-classes:/sgoinfre/pvan-ren/swingy2.0/SWINGY/target/classes:/homes/pvan-ren/.m2/repository/junit/junit/4.11/junit-4.11.jar:/homes/pvan-ren/.m2/repository/org/hamcrest/hamcrest-core/1.3/hamcrest-core-1.3.jar:/homes/pvan-ren/.m2/repository/javax/validation/validation-api/2.0.0.Final/validation-api-2.0.0.Final.jar:/homes/pvan-ren/.m2/repository/org/hibernate/validator/hibernate-validator/6.0.2.Final/hibernate-validator-6.0.2.Final.jar:/homes/pvan-ren/.m2/repository/org/jboss/logging/jboss-logging/3.3.0.Final/jboss-logging-3.3.0.Final.jar:/homes/pvan-ren/.m2/repository/com/fasterxml/classmate/1.3.1/classmate-1.3.1.jar:/homes/pvan-ren/.m2/repository/org/hibernate/validator/hibernate-validator-annotation-processor/6.0.2.Final/hibernate-validator-annotation-processor-6.0.2.Final.jar:/homes/pvan-ren/.m2/repository/javax/el/javax.el-api/3.0.0/javax.el-api-3.0.0.jar:/homes/pvan-ren/.m2/repository/org/glassfish/web/javax.el/2.2.6/javax.el-2.2.6.jar:"/>
    <property name="sun.cpu.endian" value="little"/>
    <property name="user.home" value="/homes/pvan-ren"/>
    <property name="user.language" value="en"/>
    <property name="java.specification.vendor" value="Oracle Corporation"/>
    <property name="java.version.date" value="2019-09-17"/>
    <property name="java.home" value="/Library/Java/JavaVirtualMachines/jdk-13.jdk/Contents/Home"/>
    <property name="file.separator" value="/"/>
    <property name="basedir" value="/sgoinfre/pvan-ren/swingy2.0/SWINGY"/>
    <property name="java.vm.compressedOopsMode" value="Zero based"/>
    <property name="line.separator" value="&#10;"/>
    <property name="java.specification.name" value="Java Platform API Specification"/>
    <property name="java.vm.specification.vendor" value="Oracle Corporation"/>
    <property name="surefire.real.class.path" value="/sgoinfre/pvan-ren/swingy2.0/SWINGY/target/surefire/surefirebooter16888616683834677696.jar"/>
    <property name="sun.management.compiler" value="HotSpot 64-Bit Tiered Compilers"/>
    <property name="ftp.nonProxyHosts" value="local|*.local|169.254/16|*.169.254/16"/>
    <property name="java.runtime.version" value="13+33"/>
    <property name="user.name" value="pvan-ren"/>
    <property name="path.separator" value=":"/>
    <property name="os.version" value="10.14.6"/>
    <property name="java.runtime.name" value="Java(TM) SE Runtime Environment"/>
    <property name="file.encoding" value="UTF-8"/>
    <property name="java.vm.name" value="Java HotSpot(TM) 64-Bit Server VM"/>
    <property name="localRepository" value="/homes/pvan-ren/.m2/repository"/>
    <property name="java.vendor.url.bug" value="https://bugreport.java.com/bugreport/"/>
    <property name="java.io.tmpdir" value="/var/folders/zz/zyxvpxvq6csfxvn_n0000lvm0004yx/T/"/>
    <property name="java.version" value="13"/>
    <property name="user.dir" value="/sgoinfre/pvan-ren/swingy2.0/SWINGY"/>
    <property name="os.arch" value="x86_64"/>
    <property name="java.vm.specification.name" value="Java Virtual Machine Specification"/>
    <property name="java.library.path" value="/homes/pvan-ren/Library/Java/Extensions:/Library/Java/Extensions:/Network/Library/Java/Extensions:/System/Library/Java/Extensions:/usr/lib/java:."/>
    <property name="java.vm.info" value="mixed mode, sharing"/>
    <property name="java.vendor" value="Oracle Corporation"/>
    <property name="java.vm.version" value="13+33"/>
    <property name="sun.io.unicode.encoding" value="UnicodeBig"/>
    <property name="socksNonProxyHosts" value="local|*.local|169.254/16|*.169.254/16"/>
    <property name="java.class.version" value="57.0"/>
  </properties>
  <testcase name="shouldAnswerWithTrue" classname="swingy.AppTest" time="0.001"/>
</testsuite>